Skip: []
to: []
main: []
content: [{'source': u'Contents', 'quality': 75.0, 'target': u'Contenido', 'rank': 100.0, 'stem': ['content']}, {'source': u'phrasing content', 'quality': 43.75, 'target': u'contenido est\xe1tico', 'rank': 100.0, 'stem': ['content', 'phrase']}, {'source': u'Table of contents', 'quality': 41.17647058823529, 'target': u'\xcdndice de contenido', 'rank': 100.0, 'stem': ['content', 'tabl']}]
Switch: []
language: [{'source': u'Language setting', 'quality': 43.75, 'target': u'Configuraci\xf3n de idioma', 'rank': 100.0, 'stem': ['languag', 'set']}]
Skip: []
to: []
search: [{'source': u'Search', 'quality': 83.33333333333334, 'target': u'Buscar', 'rank': 100.0, 'stem': ['search']}, {'source': u'Search the', 'quality': 50.0, 'target': u'Buscar en', 'rank': 100.0, 'stem': ['search']}, {'source': u'search engine', 'quality': 46.15384615384615, 'target': u'motor de b\xfasqueda', 'rank': 100.0, 'stem': ['engin', 'search']}]
X: []
Tap: [{'source': u'Tap', 'quality': 100.0, 'target': u'pulsar', 'rank': 100.0, 'stem': ['tap']}]
here: []
to: []
go: []
to: []
the: []
mobile: []
version: []
of: []
the: []
site.: [{'source': u'Site', 'quality': 60.0, 'target': u'Sitio', 'rank': 100.0, 'stem': ['site']}]
Your: []
Firefox: []
is: []
out: []
of: []
date: []
and: []
may: []
contain: [{'source': u'Container', 'quality': 66.66666666666667, 'target': u'Contenedor', 'rank': 100.0, 'stem': ['contain']}]
a: []
security: [{'source': u'Security Devices', 'quality': 43.75, 'target': u'Dispositivos de seguridad', 'rank': 100.0, 'stem': ['devic', 'secur']}, {'source': u'Security manager', 'quality': 43.75, 'target': u'Gestor de seguridad', 'rank': 100.0, 'stem': ['manag', 'secur']}, {'source': u'Security Policies', 'quality': 41.17647058823529, 'target': u'Pol\xedtica de seguridad', 'rank': 100.0, 'stem': ['polici', 'secur']}]
risk!: []
Upgrade: [{'source': u'Upgrade', 'quality': 100.0, 'target': u'Ampliar (versi\xf3n o licencia con nuevas funcionalidades)', 'rank': 100.0, 'stem': ['upgrad']}]
Firefox: []
mozilla: []
Ask: []
a: []
question: []
Sign: []
In: []
English: []
Home: [{'source': u'Home', 'quality': 100.0, 'target': u'Inicio', 'rank': 100.0, 'stem': ['home']}, {'source': u'Home Page', 'quality': 44.44444444444444, 'target': u'P\xe1gina inicial', 'rank': 100.0, 'stem': ['home', 'page']}]
Firefox: []
Firefox: []
Learn: []
the: []
Basics:: []
get: []
started: [{'source': u'start', 'quality': 71.42857142857143, 'target': u'Iniciar', 'rank': 100.0, 'stem': ['start']}]
Tips: []
and: []
tricks: []
Use: []
bookmarks: [{'source': u'Bookmark', 'quality': 77.77777777777777, 'target': u'Marcar', 'rank': 100.0, 'stem': ['bookmark']}]
Tab: [{'source': u'Tab', 'quality': 100.0, 'target': u'pesta\xf1a', 'rank': 100.0, 'stem': ['tab']}]
basics: []
Download,: [{'source': u'Download', 'quality': 88.88888888888889, 'target': u'Descargar', 'rank': 100.0, 'stem': ['download']}, {'source': u'Downloader', 'quality': 80.0, 'target': u'Descargador', 'rank': 100.0, 'stem': ['download']}, {'source': u'Download Manager', 'quality': 50.0, 'target': u'Administrador de descargas', 'rank': 100.0, 'stem': ['download', 'manag']}]
install: []
and: []
migration: [{'source': u'Migration', 'quality': 88.88888888888889, 'target': u'Migraci\xf3n', 'rank': 100.0, 'stem': ['migrat']}, {'source': u'Migrate', 'quality': 55.55555555555556, 'target': u'Migrar', 'rank': 100.0, 'stem': ['migrat']}]
Privacy: [{'source': u'Privacy Policy', 'quality': 50.0, 'target': u'Pol\xedtica de privacidad', 'rank': 100.0, 'stem': ['polici', 'privaci']}]
and: []
security: [{'source': u'Security Devices', 'quality': 43.75, 'target': u'Dispositivos de seguridad', 'rank': 100.0, 'stem': ['devic', 'secur']}, {'source': u'Security manager', 'quality': 43.75, 'target': u'Gestor de seguridad', 'rank': 100.0, 'stem': ['manag', 'secur']}, {'source': u'Security Policies', 'quality': 41.17647058823529, 'target': u'Pol\xedtica de seguridad', 'rank': 100.0, 'stem': ['polici', 'secur']}]
settings: [{'source': u'Settings', 'quality': 87.5, 'target': u'ajustes', 'rank': 100.0, 'stem': ['set']}, {'source': u'Sets of settings', 'quality': 50.0, 'target': u'Conjuntos de valores', 'rank': 123.234394425997, 'stem': ['set']}, {'source': u'System setting', 'quality': 42.85714285714286, 'target': u'Ajustes del sistema', 'rank': 100.0, 'stem': ['set', 'system']}]
Customize: [{'source': u'Customize', 'quality': 100.0, 'target': u'Personalizar', 'rank': 100.0, 'stem': ['custom']}, {'source': u'Custom Keyword', 'quality': 50.0, 'target': u'Palabra clave personalizada', 'rank': 100.0, 'stem': ['custom', 'keyword']}]
controls,: []
options: [{'source': u'Cache Options', 'quality': 46.15384615384615, 'target': u'Opciones de la cach\xe9', 'rank': 100.0, 'stem': ['cach', 'option']}]
and: []
add-ons: [{'source': u'add-on', 'quality': 85.71428571428572, 'target': u'complemento', 'rank': 67.9649995820254, 'stem': ['add', 'add-on']}]
Fix: []
slowness,: []
crashing,: []
error: [{'source': u'Syntax error', 'quality': 41.666666666666664, 'target': u'Error de sintaxis', 'rank': 100.0, 'stem': ['error', 'syntax']}]
messages: [{'source': u'Message', 'quality': 75.0, 'target': u'Mensaje', 'rank': 100.0, 'stem': ['messag']}]
and: []
other: []
problems: []
Learn: []
the: []
Basics:: []
get: []
started: [{'source': u'start', 'quality': 71.42857142857143, 'target': u'Iniciar', 'rank': 100.0, 'stem': ['start']}]
Learn: []
all: []
you: []
need: [{'source': u'need to', 'quality': 57.142857142857146, 'target': u'tener que', 'rank': 100.0, 'stem': ['need']}]
to: []
know: []
to: []
get: []
started: [{'source': u'start', 'quality': 71.42857142857143, 'target': u'Iniciar', 'rank': 100.0, 'stem': ['start']}]
with: []
Firefox.: []
Tips: []
and: []
tricks: []
Use: []
bookmarks: [{'source': u'Bookmark', 'quality': 77.77777777777777, 'target': u'Marcar', 'rank': 100.0, 'stem': ['bookmark']}]
Tab: [{'source': u'Tab', 'quality': 100.0, 'target': u'pesta\xf1a', 'rank': 100.0, 'stem': ['tab']}]
basics: []
Update: [{'source': u'Update', 'quality': 100.0, 'target': u'Actualizar', 'rank': 100.0, 'stem': ['updat']}]
Firefox: []
to: []
the: []
latest: []
version: []
Get: []
started: [{'source': u'start', 'quality': 71.42857142857143, 'target': u'Iniciar', 'rank': 100.0, 'stem': ['start']}]
with: []
Firefox: []
-: []
An: []
overview: [{'source': u'overview', 'quality': 100.0, 'target': u'presentaci\xf3n', 'rank': 100.0, 'stem': ['overview']}]
of: []
the: []
main: []
features: []
How: []
to: []
set: [{'source': u'Set', 'quality': 66.66666666666667, 'target': u'Definir', 'rank': 100.0, 'stem': ['set']}]
the: []
home: [{'source': u'Home', 'quality': 75.0, 'target': u'Inicio', 'rank': 100.0, 'stem': ['home']}]
page: [{'source': u'Web page', 'quality': 50.0, 'target': u'p\xe1gina web', 'rank': 100.0, 'stem': ['page', 'web']}, {'source': u'Blank page', 'quality': 40.0, 'target': u'P\xe1gina en blanco', 'rank': 100.0, 'stem': ['blank', 'page']}]
Search: [{'source': u'Search', 'quality': 100.0, 'target': u'Buscar', 'rank': 100.0, 'stem': ['search']}, {'source': u'Search the', 'quality': 60.0, 'target': u'Buscar en', 'rank': 100.0, 'stem': ['search']}]
bar: []
-: []
Easily: []
choose: []
your: []
favorite: []
search: [{'source': u'Search', 'quality': 83.33333333333334, 'target': u'Buscar', 'rank': 100.0, 'stem': ['search']}, {'source': u'Search the', 'quality': 50.0, 'target': u'Buscar en', 'rank': 100.0, 'stem': ['search']}, {'source': u'search engine', 'quality': 46.15384615384615, 'target': u'motor de b\xfasqueda', 'rank': 100.0, 'stem': ['engin', 'search']}]
engine: [{'source': u'Engine', 'quality': 83.33333333333334, 'target': u'Motor', 'rank': 100.0, 'stem': ['engin']}, {'source': u'search engine', 'quality': 46.15384615384615, 'target': u'motor de b\xfasqueda', 'rank': 100.0, 'stem': ['engin', 'search']}]
Awesome: [{'source': u'Awesome Screen', 'quality': 50.0, 'target': u'Pantalla Alucinante', 'rank': 100.0, 'stem': ['awesom', 'screen']}]
Bar: []
-: []
Find: [{'source': u'Find', 'quality': 100.0, 'target': u'Buscar', 'rank': 100.0, 'stem': ['find']}]
your: []
bookmarks,: [{'source': u'Bookmark', 'quality': 70.0, 'target': u'Marcar', 'rank': 100.0, 'stem': ['bookmark']}]
history: [{'source': u'History', 'quality': 85.71428571428572, 'target': u'Historial', 'rank': 100.0, 'stem': ['histori']}]
and: []
tabs: [{'source': u'Tab', 'quality': 50.0, 'target': u'pesta\xf1a', 'rank': 100.0, 'stem': ['tab']}]
when: []
you: []
type: []
in: []
the: []
address: [{'source': u'Email Address', 'quality': 53.84615384615385, 'target': u'Direcci\xf3n de correo electr\xf3nico', 'rank': 100.0, 'stem': ['address', 'email']}, {'source': u'Address Book', 'quality': 50.0, 'target': u'Agenda de direcciones', 'rank': 100.0, 'stem': ['address', 'book']}]
bar: []
Find: [{'source': u'Find', 'quality': 100.0, 'target': u'Buscar', 'rank': 100.0, 'stem': ['find']}]
and: []
manage: [{'source': u'Manage', 'quality': 83.33333333333334, 'target': u'Gestionar', 'rank': 100.0, 'stem': ['manag']}, {'source': u'management', 'quality': 60.0, 'target': u'administraci\xf3n', 'rank': 100.0, 'stem': ['manag']}, {'source': u'Form Manager', 'quality': 50.0, 'target': u'Administrador de formularios', 'rank': 100.0, 'stem': ['form', 'manag']}]
downloaded: [{'source': u'Downloader', 'quality': 80.0, 'target': u'Descargador', 'rank': 100.0, 'stem': ['download']}, {'source': u'Download', 'quality': 70.0, 'target': u'Descargar', 'rank': 100.0, 'stem': ['download']}, {'source': u'Download Manager', 'quality': 50.0, 'target': u'Administrador de descargas', 'rank': 100.0, 'stem': ['download', 'manag']}]
files: [{'source': u'File', 'quality': 60.0, 'target': u'Archivo', 'rank': 100.0, 'stem': ['file']}, {'source': u'find files', 'quality': 50.0, 'target': u'buscador de archivos', 'rank': 100.0, 'stem': ['file', 'find']}]
How: []
do: []
I: []
use: []
the: []
Firefox: []
spell: []
checker?: []
How: []
to: []
print: []
websites: []
View: [{'source': u'View', 'quality': 100.0, 'target': u'Vista', 'rank': 100.0, 'stem': ['view']}, {'source': u'View Menu', 'quality': 44.44444444444444, 'target': u'Men\xfa Ver', 'rank': 100.0, 'stem': ['menu', 'view']}]
PDF: []
files: [{'source': u'File', 'quality': 60.0, 'target': u'Archivo', 'rank': 100.0, 'stem': ['file']}, {'source': u'find files', 'quality': 50.0, 'target': u'buscador de archivos', 'rank': 100.0, 'stem': ['file', 'find']}]
in: []
Firefox: []
without: []
downloading: [{'source': u'Download', 'quality': 63.63636363636363, 'target': u'Descargar', 'rank': 100.0, 'stem': ['download']}, {'source': u'Downloader', 'quality': 63.63636363636363, 'target': u'Descargador', 'rank': 100.0, 'stem': ['download']}, {'source': u'Download Manager', 'quality': 56.25, 'target': u'Administrador de descargas', 'rank': 100.0, 'stem': ['download', 'manag']}]
them: []
What: []
is: []
Persona: []
and: []
how: []
does: []
it: []
work?: []
Accessibility: []
features: []
in: []
Firefox: []
-: []
Make: []
Firefox: []
and: []
web: []
content: [{'source': u'Contents', 'quality': 75.0, 'target': u'Contenido', 'rank': 100.0, 'stem': ['content']}, {'source': u'phrasing content', 'quality': 43.75, 'target': u'contenido est\xe1tico', 'rank': 100.0, 'stem': ['content', 'phrase']}, {'source': u'Table of contents', 'quality': 41.17647058823529, 'target': u'\xcdndice de contenido', 'rank': 100.0, 'stem': ['content', 'tabl']}]
work: []
for: []
all: []
users: [{'source': u'User', 'quality': 60.0, 'target': u'Usuario', 'rank': 100.0, 'stem': ['user']}]
Portions: []
of: []
this: []
content: [{'source': u'Contents', 'quality': 75.0, 'target': u'Contenido', 'rank': 100.0, 'stem': ['content']}, {'source': u'phrasing content', 'quality': 43.75, 'target': u'contenido est\xe1tico', 'rank': 100.0, 'stem': ['content', 'phrase']}, {'source': u'Table of contents', 'quality': 41.17647058823529, 'target': u'\xcdndice de contenido', 'rank': 100.0, 'stem': ['content', 'tabl']}]
are: []
©1998–2014: []
Creative: []
Commons: []
license: []
Contact: [{'source': u'contact', 'quality': 85.71428571428572, 'target': u'contacto', 'rank': 100.0, 'stem': ['contact']}]
Us: []
Privacy: [{'source': u'Privacy Policy', 'quality': 50.0, 'target': u'Pol\xedtica de privacidad', 'rank': 100.0, 'stem': ['polici', 'privaci']}]
Policy: [{'source': u'Policy', 'quality': 100.0, 'target': u'Pol\xedtica', 'rank': 100.0, 'stem': ['polici']}, {'source': u'Privacy Policy', 'quality': 42.85714285714286, 'target': u'Pol\xedtica de privacidad', 'rank': 100.0, 'stem': ['polici', 'privaci']}]
Legal: []
Notices: []
Report: []
Trademark: []
Abuse: []
Source: [{'source': u'Source', 'quality': 100.0, 'target': u'Origen', 'rank': 100.0, 'stem': ['sourc']}, {'source': u'Source file', 'quality': 54.54545454545455, 'target': u'Archivo de origen', 'rank': 100.0, 'stem': ['file', 'sourc']}]
Code: []
Twitter: []
Facebook: []
Firefox: []
Affiliates: []
Switch: []
to: []
mobile: []
site: [{'source': u'Site', 'quality': 75.0, 'target': u'Sitio', 'rank': 100.0, 'stem': ['site']}, {'source': u'Web site', 'quality': 50.0, 'target': u'sitio web', 'rank': 100.0, 'stem': ['site', 'web']}]
