Skip: []
to: []
main: []
content: [{'source': u'Contents', 'quality': 75.0, 'target': u'Contenido', 'rank': 100.0, 'stem': ['content']}]
Switch: []
language: []
Skip: []
to: []
search: [{'source': u'Search', 'quality': 83.33333333333334, 'target': u'Buscar', 'rank': 100.0, 'stem': ['search']}]
X: []
Tap: [{'source': u'Tap', 'quality': 100.0, 'target': u'pulsar', 'rank': 100.0, 'stem': ['tap']}]
here: []
to: []
go: []
to: []
the: []
mobile: []
version: []
of: []
the: []
site.: []
Your: []
Firefox: []
is: []
out: []
of: []
date: []
and: []
may: []
contain: []
a: []
security: []
risk!: []
Upgrade: [{'source': u'Upgrade', 'quality': 100.0, 'target': u'Ampliar (versi\xf3n o licencia con nuevas funcionalidades)', 'rank': 100.0, 'stem': ['upgrad']}]
Firefox: []
mozilla: []
Ask: []
a: []
question: []
Sign: []
In: []
English: []
Home: [{'source': u'Home', 'quality': 100.0, 'target': u'Inicio', 'rank': 100.0, 'stem': ['home']}]
Firefox: []
Firefox: []
Learn: []
the: []
Basics:: []
get: []
started: []
Tips: []
and: []
tricks: []
Use: []
bookmarks: [{'source': u'Bookmark', 'quality': 77.77777777777777, 'target': u'Marcar', 'rank': 100.0, 'stem': ['bookmark']}, {'source': u'Bookmark', 'quality': 77.77777777777777, 'target': u'Marcar, marcador', 'rank': 100.0, 'stem': ['bookmark']}]
Tab: [{'source': u'Tab', 'quality': 100.0, 'target': u'pesta\xf1a', 'rank': 100.0, 'stem': ['tab']}]
basics: []
Download,: [{'source': u'Download', 'quality': 88.88888888888889, 'target': u'Descargar', 'rank': 100.0, 'stem': ['download']}, {'source': u'Downloader', 'quality': 80.0, 'target': u'Descargador', 'rank': 100.0, 'stem': ['download']}]
install: []
and: []
migration: [{'source': u'Migration', 'quality': 88.88888888888889, 'target': u'Migraci\xf3n', 'rank': 100.0, 'stem': ['migrat']}]
Privacy: []
and: []
security: []
settings: [{'source': u'Settings', 'quality': 87.5, 'target': u'ajustes', 'rank': 100.0, 'stem': ['set']}]
Customize: [{'source': u'Customize', 'quality': 100.0, 'target': u'Personalizar', 'rank': 100.0, 'stem': ['custom']}]
controls,: []
options: []
and: []
add-ons: [{'source': u'add-on', 'quality': 85.71428571428572, 'target': u'complemento', 'rank': 67.9649995820254, 'stem': ['add', 'add-on']}]
Fix: []
slowness,: []
crashing,: []
error: []
messages: [{'source': u'Message', 'quality': 75.0, 'target': u'Mensaje', 'rank': 100.0, 'stem': ['messag']}]
and: []
other: []
problems: []
Learn: []
the: []
Basics:: []
get: []
started: []
Learn: []
all: []
you: []
need: []
to: []
know: []
to: []
get: []
started: []
with: []
Firefox.: []
Tips: []
and: []
tricks: []
Use: []
bookmarks: [{'source': u'Bookmark', 'quality': 77.77777777777777, 'target': u'Marcar', 'rank': 100.0, 'stem': ['bookmark']}, {'source': u'Bookmark', 'quality': 77.77777777777777, 'target': u'Marcar, marcador', 'rank': 100.0, 'stem': ['bookmark']}]
Tab: [{'source': u'Tab', 'quality': 100.0, 'target': u'pesta\xf1a', 'rank': 100.0, 'stem': ['tab']}]
basics: []
Update: [{'source': u'Update', 'quality': 100.0, 'target': u'Actualizar', 'rank': 100.0, 'stem': ['updat']}]
Firefox: []
to: []
the: []
latest: []
version: []
Get: []
started: []
with: []
Firefox: []
-: []
An: []
overview: [{'source': u'overview', 'quality': 100.0, 'target': u'presentaci\xf3n', 'rank': 100.0, 'stem': ['overview']}]
of: []
the: []
main: []
features: []
How: []
to: []
set: []
the: []
home: [{'source': u'Home', 'quality': 75.0, 'target': u'Inicio', 'rank': 100.0, 'stem': ['home']}]
page: []
Search: [{'source': u'Search', 'quality': 100.0, 'target': u'Buscar', 'rank': 100.0, 'stem': ['search']}]
bar: []
-: []
Easily: []
choose: []
your: []
favorite: []
search: [{'source': u'Search', 'quality': 83.33333333333334, 'target': u'Buscar', 'rank': 100.0, 'stem': ['search']}]
engine: [{'source': u'Engine', 'quality': 83.33333333333334, 'target': u'Motor', 'rank': 100.0, 'stem': ['engin']}]
Awesome: []
Bar: []
-: []
Find: [{'source': u'Find', 'quality': 100.0, 'target': u'Buscar', 'rank': 100.0, 'stem': ['find']}]
your: []
bookmarks,: []
history: [{'source': u'History', 'quality': 85.71428571428572, 'target': u'Historial', 'rank': 100.0, 'stem': ['histori']}]
and: []
tabs: []
when: []
you: []
type: []
in: []
the: []
address: []
bar: []
Find: [{'source': u'Find', 'quality': 100.0, 'target': u'Buscar', 'rank': 100.0, 'stem': ['find']}]
and: []
manage: [{'source': u'Manage', 'quality': 83.33333333333334, 'target': u'Gestionar, administrar', 'rank': 100.0, 'stem': ['manag']}]
downloaded: [{'source': u'Downloader', 'quality': 80.0, 'target': u'Descargador', 'rank': 100.0, 'stem': ['download']}]
files: []
How: []
do: []
I: []
use: []
the: []
Firefox: []
spell: []
checker?: []
How: []
to: []
print: []
websites: []
View: [{'source': u'View', 'quality': 100.0, 'target': u'Vista', 'rank': 100.0, 'stem': ['view']}]
PDF: []
files: []
in: []
Firefox: []
without: []
downloading: []
them: []
What: []
is: []
Persona: []
and: []
how: []
does: []
it: []
work?: []
Accessibility: []
features: []
in: []
Firefox: []
-: []
Make: []
Firefox: []
and: []
web: []
content: [{'source': u'Contents', 'quality': 75.0, 'target': u'Contenido', 'rank': 100.0, 'stem': ['content']}]
work: []
for: []
all: []
users: []
Portions: []
of: []
this: []
content: [{'source': u'Contents', 'quality': 75.0, 'target': u'Contenido', 'rank': 100.0, 'stem': ['content']}]
are: []
©1998–2014: []
Creative: []
Commons: []
license: []
Contact: [{'source': u'contact', 'quality': 85.71428571428572, 'target': u'contacto', 'rank': 100.0, 'stem': ['contact']}]
Us: []
Privacy: []
Policy: [{'source': u'Policy', 'quality': 100.0, 'target': u'Pol\xedtica', 'rank': 100.0, 'stem': ['polici']}]
Legal: []
Notices: []
Report: []
Trademark: []
Abuse: []
Source: [{'source': u'Source', 'quality': 100.0, 'target': u'Origen', 'rank': 100.0, 'stem': ['sourc']}]
Code: []
Twitter: []
Facebook: []
Firefox: []
Affiliates: []
Switch: []
to: []
mobile: []
site: [{'source': u'Site', 'quality': 75.0, 'target': u'Sitio', 'rank': 100.0, 'stem': ['site']}]
