 * Running on http://127.0.0.1:8888/
 * Restarting with reloader
127.0.0.1 - - [07/Jul/2014 16:13:04] "GET /translate_url?url=https://support.mozilla.org/en-US/products/firefox/get-started HTTP/1.1" 200 -
127.0.0.1 - - [07/Jul/2014 16:13:04] "GET /static/css/bootstrap.min.css HTTP/1.1" 304 -
127.0.0.1 - - [07/Jul/2014 16:13:04] "GET /static/css/amagama.css HTTP/1.1" 304 -
Skip: []
to: []
main: []
content: [{'source': u'Contents', 'target': u'Contenido', 'stem': ['content']}, {'source': u'Table of contents', 'target': u'\xcdndice de contenido', 'stem': ['content', 'tabl']}, {'source': u'phrasing content', 'target': u'contenido est\xe1tico', 'stem': ['content', 'phrase']}]
Switch: [{'source': u'switch between', 'target': u'alternar entre', 'stem': ['switch']}]
language: [{'source': u'Language setting', 'target': u'Configuraci\xf3n de idioma', 'stem': ['languag', 'set']}]
Skip: []
to: []
search: [{'source': u'Search', 'target': u'Buscar', 'stem': ['search']}, {'source': u'Search backwards', 'target': u'Buscar hacia atr\xe1s', 'stem': ['backward', 'search']}, {'source': u'Search the', 'target': u'Buscar en', 'stem': ['search']}, {'source': u'search engine', 'target': u'motor de b\xfasqueda, buscador de internet', 'stem': ['engin', 'search']}]
X: []
Tap: [{'source': u'Tap', 'target': u'pulsar', 'stem': ['tap']}]
here: []
to: []
go: [{'source': u'Go offline', 'target': u'Desconectarse', 'stem': ['go', 'offlin']}, {'source': u'Go online', 'target': u'Conectarse', 'stem': ['go', 'onlin']}]
to: []
the: []
mobile: [{'source': u'the mobile browser that\u2019s got your back', 'target': u'el navegador m\xf3vil que te protege', 'stem': ['back', 'browser', 'got', 'mobil']}]
version: []
of: []
the: []
site.: [{'source': u'Site', 'target': u'Sitio', 'stem': ['site']}, {'source': u'Web site', 'target': u'sitio web', 'stem': ['site', 'web']}]
Your: []
Firefox: [{'source': u'Firefox Marketplace', 'target': u'Firefox Marketplace', 'stem': ['firefox', 'marketplac']}]
is: []
out: []
of: []
date: []
and: []
may: []
contain: [{'source': u'Container', 'target': u'Contenedor', 'stem': ['contain']}]
a: []
security: [{'source': u'Security Devices', 'target': u'Dispositivos de seguridad', 'stem': ['devic', 'secur']}, {'source': u'Security Policies', 'target': u'Pol\xedtica de seguridad', 'stem': ['polici', 'secur']}, {'source': u'Security manager', 'target': u'Gestor de seguridad', 'stem': ['manag', 'secur']}]
risk!: []
Upgrade: [{'source': u'Upgrade', 'target': u'Ampliar (versi\xf3n o licencia con nuevas funcionalidades)', 'stem': ['upgrad']}]
Firefox: [{'source': u'Firefox Marketplace', 'target': u'Firefox Marketplace', 'stem': ['firefox', 'marketplac']}]
mozilla: [{'source': u'Mozilla Web Apps', 'target': u'Aplicaciones web de Mozilla', 'stem': ['app', 'mozilla', 'web']}]
Ask: []
a: []
question: []
Sign: [{'source': u'Digital Signing', 'target': u'Firma digital', 'stem': ['digit', 'sign']}]
In: []
English: []
Home: [{'source': u'Home', 'target': u'Inicio', 'stem': ['home']}, {'source': u'Home Page', 'target': u'P\xe1gina inicial', 'stem': ['home', 'page']}, {'source': u'Home Screen', 'target': u'Pantalla inicio', 'stem': ['home', 'screen']}]
Firefox: [{'source': u'Firefox Marketplace', 'target': u'Firefox Marketplace', 'stem': ['firefox', 'marketplac']}]
Firefox: [{'source': u'Firefox Marketplace', 'target': u'Firefox Marketplace', 'stem': ['firefox', 'marketplac']}]
Learn: []
the: []
Basics:: []
get: []
started: [{'source': u'start', 'target': u'Iniciar', 'stem': ['start']}]
Tips: []
and: []
tricks: []
Use: []
bookmarks: [{'source': u'Bookmark', 'target': u'Marcar', 'stem': ['bookmark']}, {'source': u'Bookmark', 'target': u'Marcar, marcador', 'stem': ['bookmark']}]
Tab: [{'source': u'Tab', 'target': u'pesta\xf1a', 'stem': ['tab']}, {'source': u'Tab Index', 'target': u'\xcdndice de tabulaci\xf3n', 'stem': ['index', 'tab']}, {'source': u'app tab', 'target': u'pesta\xf1a de aplicaciones', 'stem': ['app', 'tab']}, {'source': u'pin a tab\t\t\t\t\t\t\t\t\t\t\t\t\t\t\t\n\t\t\t\t\t\t\t\t\t\t\t\t\t', 'target': u'pegar como pesta\xf1a de aplicaci\xf3n/fijar pesta\xf1a', 'stem': ['pin', 'tab']}, {'source': u'unpin a tab', 'target': u'despegar pesta\xf1a/eliminar pesta\xf1a fija', 'stem': ['tab', 'unpin']}]
basics: []
Download,: [{'source': u'Download', 'target': u'Descargar', 'stem': ['download']}, {'source': u'Download Manager', 'target': u'Administrador de descargas', 'stem': ['download', 'manag']}, {'source': u'Downloader', 'target': u'Descargador', 'stem': ['download']}]
install: []
and: []
migration: [{'source': u'Migrate', 'target': u'Migrar', 'stem': ['migrat']}, {'source': u'Migration', 'target': u'Migraci\xf3n', 'stem': ['migrat']}]
Privacy: [{'source': u'Privacy Policy', 'target': u'Pol\xedtica de privacidad', 'stem': ['polici', 'privaci']}]
and: []
security: [{'source': u'Security Devices', 'target': u'Dispositivos de seguridad', 'stem': ['devic', 'secur']}, {'source': u'Security Policies', 'target': u'Pol\xedtica de seguridad', 'stem': ['polici', 'secur']}, {'source': u'Security manager', 'target': u'Gestor de seguridad', 'stem': ['manag', 'secur']}]
settings: [{'source': u'Language setting', 'target': u'Configuraci\xf3n de idioma', 'stem': ['languag', 'set']}, {'source': u'Set', 'target': u'Definir', 'stem': ['set']}, {'source': u'Set as', 'target': u'Definir como', 'stem': ['set']}, {'source': u'Sets of settings', 'target': u'Conjuntos de valores', 'stem': ['set']}, {'source': u'Settings', 'target': u'ajustes', 'stem': ['set']}, {'source': u'System setting', 'target': u'Ajustes del sistema', 'stem': ['set', 'system']}]
Customize: [{'source': u'Custom Keyword', 'target': u'Palabra clave personalizada', 'stem': ['custom', 'keyword']}, {'source': u'Customer support', 'target': u'Asistencia t\xe9cnica, servicio t\xe9cnico', 'stem': ['custom', 'support']}, {'source': u'Customize', 'target': u'Personalizar', 'stem': ['custom']}]
controls,: []
options: [{'source': u'Cache Options', 'target': u'Opciones de la cach\xe9', 'stem': ['cach', 'option']}]
and: []
add-ons: [{'source': u'Add', 'target': u'Agregar', 'stem': ['add']}, {'source': u'add-on', 'target': u'complemento', 'stem': ['add', 'add-on']}]
Fix: []
slowness,: []
crashing,: []
error: [{'source': u'Configuration Error', 'target': u'Error de configuraci\xf3n', 'stem': ['configur', 'error']}, {'source': u'Syntax error', 'target': u'Error de sintaxis', 'stem': ['error', 'syntax']}]
messages: [{'source': u'Message', 'target': u'Mensaje', 'stem': ['messag']}]
and: []
other: []
problems: []
Learn: []
the: []
Basics:: []
get: []
started: [{'source': u'start', 'target': u'Iniciar', 'stem': ['start']}]
Learn: []
all: []
you: []
need: [{'source': u'need to', 'target': u'tener que', 'stem': ['need']}]
to: []
know: []
to: []
get: []
started: [{'source': u'start', 'target': u'Iniciar', 'stem': ['start']}]
with: []
Firefox.: [{'source': u'Firefox Marketplace', 'target': u'Firefox Marketplace', 'stem': ['firefox', 'marketplac']}]
Tips: []
and: []
tricks: []
Use: []
bookmarks: [{'source': u'Bookmark', 'target': u'Marcar', 'stem': ['bookmark']}, {'source': u'Bookmark', 'target': u'Marcar, marcador', 'stem': ['bookmark']}]
Tab: [{'source': u'Tab', 'target': u'pesta\xf1a', 'stem': ['tab']}, {'source': u'Tab Index', 'target': u'\xcdndice de tabulaci\xf3n', 'stem': ['index', 'tab']}, {'source': u'app tab', 'target': u'pesta\xf1a de aplicaciones', 'stem': ['app', 'tab']}, {'source': u'pin a tab\t\t\t\t\t\t\t\t\t\t\t\t\t\t\t\n\t\t\t\t\t\t\t\t\t\t\t\t\t', 'target': u'pegar como pesta\xf1a de aplicaci\xf3n/fijar pesta\xf1a', 'stem': ['pin', 'tab']}, {'source': u'unpin a tab', 'target': u'despegar pesta\xf1a/eliminar pesta\xf1a fija', 'stem': ['tab', 'unpin']}]
basics: []
Update: [{'source': u'Update', 'target': u'Actualizar', 'stem': ['updat']}]
Firefox: [{'source': u'Firefox Marketplace', 'target': u'Firefox Marketplace', 'stem': ['firefox', 'marketplac']}]
to: []
the: []
latest: []
version: []
Get: []
started: [{'source': u'start', 'target': u'Iniciar', 'stem': ['start']}]
with: []
Firefox: [{'source': u'Firefox Marketplace', 'target': u'Firefox Marketplace', 'stem': ['firefox', 'marketplac']}]
-: []
An: []
overview: [{'source': u'overview', 'target': u'presentaci\xf3n', 'stem': ['overview']}]
of: []
the: []
main: []
features: [{'source': u'present device-aware features and experiences', 'target': u'ofrecer caracter\xedsticas y experiencias en funci\xf3n del dispositivo', 'stem': ['awar', 'devic', 'device-awar', 'experi', 'featur', 'present']}]
How: []
to: []
set: [{'source': u'Language setting', 'target': u'Configuraci\xf3n de idioma', 'stem': ['languag', 'set']}, {'source': u'Set', 'target': u'Definir', 'stem': ['set']}, {'source': u'Set as', 'target': u'Definir como', 'stem': ['set']}, {'source': u'Sets of settings', 'target': u'Conjuntos de valores', 'stem': ['set']}, {'source': u'Settings', 'target': u'ajustes', 'stem': ['set']}, {'source': u'System setting', 'target': u'Ajustes del sistema', 'stem': ['set', 'system']}]
the: []
home: [{'source': u'Home', 'target': u'Inicio', 'stem': ['home']}, {'source': u'Home Page', 'target': u'P\xe1gina inicial', 'stem': ['home', 'page']}, {'source': u'Home Screen', 'target': u'Pantalla inicio', 'stem': ['home', 'screen']}]
page: [{'source': u'Blank page', 'target': u'P\xe1gina en blanco', 'stem': ['blank', 'page']}, {'source': u'Home Page', 'target': u'P\xe1gina inicial', 'stem': ['home', 'page']}, {'source': u'Web page', 'target': u'p\xe1gina web', 'stem': ['page', 'web']}, {'source': u'landing page', 'target': u'p\xe1gina de bienvenida', 'stem': ['land', 'page']}]
Search: [{'source': u'Search', 'target': u'Buscar', 'stem': ['search']}, {'source': u'Search backwards', 'target': u'Buscar hacia atr\xe1s', 'stem': ['backward', 'search']}, {'source': u'Search the', 'target': u'Buscar en', 'stem': ['search']}, {'source': u'search engine', 'target': u'motor de b\xfasqueda, buscador de internet', 'stem': ['engin', 'search']}]
bar: [{'source': u'Location Bar', 'target': u'Barra de direcciones', 'stem': ['bar', 'locat']}, {'source': u'Status Bar', 'target': u'Barra de estado', 'stem': ['bar', 'status']}]
-: []
Easily: []
choose: []
your: []
favorite: []
search: [{'source': u'Search', 'target': u'Buscar', 'stem': ['search']}, {'source': u'Search backwards', 'target': u'Buscar hacia atr\xe1s', 'stem': ['backward', 'search']}, {'source': u'Search the', 'target': u'Buscar en', 'stem': ['search']}, {'source': u'search engine', 'target': u'motor de b\xfasqueda, buscador de internet', 'stem': ['engin', 'search']}]
engine: [{'source': u'Engine', 'target': u'Motor', 'stem': ['engin']}, {'source': u'search engine', 'target': u'motor de b\xfasqueda, buscador de internet', 'stem': ['engin', 'search']}]
Awesome: [{'source': u'Awesome Screen', 'target': u'Pantalla Alucinante', 'stem': ['awesom', 'screen']}]
Bar: [{'source': u'Location Bar', 'target': u'Barra de direcciones', 'stem': ['bar', 'locat']}, {'source': u'Status Bar', 'target': u'Barra de estado', 'stem': ['bar', 'status']}]
-: []
Find: [{'source': u'Find', 'target': u'Buscar', 'stem': ['find']}, {'source': u'Find Results', 'target': u'Resultados de la b\xfasqueda', 'stem': ['find', 'result']}, {'source': u'Find and Replace', 'target': u'Buscar y reemplazar', 'stem': ['find', 'replac']}, {'source': u'find files', 'target': u'buscador de archivos', 'stem': ['file', 'find']}, {'source': u'find files dialog', 'target': u'di\xe1logo de b\xfasqueda de archivos', 'stem': ['dialog', 'file', 'find']}]
your: []
bookmarks,: [{'source': u'Bookmark', 'target': u'Marcar', 'stem': ['bookmark']}, {'source': u'Bookmark', 'target': u'Marcar, marcador', 'stem': ['bookmark']}]
history: [{'source': u'History', 'target': u'Historial', 'stem': ['histori']}]
and: []
tabs: [{'source': u'Tab', 'target': u'pesta\xf1a', 'stem': ['tab']}, {'source': u'Tab Index', 'target': u'\xcdndice de tabulaci\xf3n', 'stem': ['index', 'tab']}, {'source': u'app tab', 'target': u'pesta\xf1a de aplicaciones', 'stem': ['app', 'tab']}, {'source': u'pin a tab\t\t\t\t\t\t\t\t\t\t\t\t\t\t\t\n\t\t\t\t\t\t\t\t\t\t\t\t\t', 'target': u'pegar como pesta\xf1a de aplicaci\xf3n/fijar pesta\xf1a', 'stem': ['pin', 'tab']}, {'source': u'unpin a tab', 'target': u'despegar pesta\xf1a/eliminar pesta\xf1a fija', 'stem': ['tab', 'unpin']}]
when: []
you: []
type: []
in: []
the: []
address: [{'source': u'Address Book', 'target': u'Agenda de direcciones', 'stem': ['address', 'book']}, {'source': u'Email Address', 'target': u'Direcci\xf3n de correo electr\xf3nico', 'stem': ['address', 'email']}, {'source': u'Email Address reminder', 'target': u'recordatorio de la direcci\xf3n de correo', 'stem': ['address', 'email', 'remind']}]
bar: [{'source': u'Location Bar', 'target': u'Barra de direcciones', 'stem': ['bar', 'locat']}, {'source': u'Status Bar', 'target': u'Barra de estado', 'stem': ['bar', 'status']}]
Find: [{'source': u'Find', 'target': u'Buscar', 'stem': ['find']}, {'source': u'Find Results', 'target': u'Resultados de la b\xfasqueda', 'stem': ['find', 'result']}, {'source': u'Find and Replace', 'target': u'Buscar y reemplazar', 'stem': ['find', 'replac']}, {'source': u'find files', 'target': u'buscador de archivos', 'stem': ['file', 'find']}, {'source': u'find files dialog', 'target': u'di\xe1logo de b\xfasqueda de archivos', 'stem': ['dialog', 'file', 'find']}]
and: []
manage: [{'source': u'Download Manager', 'target': u'Administrador de descargas', 'stem': ['download', 'manag']}, {'source': u'Form Manager', 'target': u'Administrador de formularios', 'stem': ['form', 'manag']}, {'source': u'Manage', 'target': u'Gestionar, administrar', 'stem': ['manag']}, {'source': u'Security manager', 'target': u'Gestor de seguridad', 'stem': ['manag', 'secur']}, {'source': u'distro-based package manager', 'target': u'gestor de paquetes incluido en la distribuci\xf3n', 'stem': ['base', 'distro', 'distro-bas', 'manag', 'packag']}, {'source': u'management', 'target': u'administraci\xf3n', 'stem': ['manag']}]
downloaded: [{'source': u'Download', 'target': u'Descargar', 'stem': ['download']}, {'source': u'Download Manager', 'target': u'Administrador de descargas', 'stem': ['download', 'manag']}, {'source': u'Downloader', 'target': u'Descargador', 'stem': ['download']}]
files: [{'source': u'File', 'target': u'Archivo', 'stem': ['file']}, {'source': u'Launch File', 'target': u'Iniciar archivo', 'stem': ['file', 'launch']}, {'source': u'Source file', 'target': u'Archivo de origen', 'stem': ['file', 'sourc']}, {'source': u'find files', 'target': u'buscador de archivos', 'stem': ['file', 'find']}, {'source': u'find files dialog', 'target': u'di\xe1logo de b\xfasqueda de archivos', 'stem': ['dialog', 'file', 'find']}, {'source': u'grow a file', 'target': u'ampliar un archivo', 'stem': ['file', 'grow']}]
How: []
do: []
I: []
use: []
the: []
Firefox: [{'source': u'Firefox Marketplace', 'target': u'Firefox Marketplace', 'stem': ['firefox', 'marketplac']}]
spell: [{'source': u'Check Spelling', 'target': u'Revisar ortograf\xeda', 'stem': ['check', 'spell']}, {'source': u'spell checking', 'target': u'Revisi\xf3n ortogr\xe1fica', 'stem': ['check', 'spell']}]
checker?: []
How: []
to: []
print: []
websites: []
View: [{'source': u'View', 'target': u'Vista', 'stem': ['view']}, {'source': u'View Menu', 'target': u'Men\xfa Ver', 'stem': ['menu', 'view']}]
PDF: []
files: [{'source': u'File', 'target': u'Archivo', 'stem': ['file']}, {'source': u'Launch File', 'target': u'Iniciar archivo', 'stem': ['file', 'launch']}, {'source': u'Source file', 'target': u'Archivo de origen', 'stem': ['file', 'sourc']}, {'source': u'find files', 'target': u'buscador de archivos', 'stem': ['file', 'find']}, {'source': u'find files dialog', 'target': u'di\xe1logo de b\xfasqueda de archivos', 'stem': ['dialog', 'file', 'find']}, {'source': u'grow a file', 'target': u'ampliar un archivo', 'stem': ['file', 'grow']}]
in: []
Firefox: [{'source': u'Firefox Marketplace', 'target': u'Firefox Marketplace', 'stem': ['firefox', 'marketplac']}]
without: []
downloading: [{'source': u'Download', 'target': u'Descargar', 'stem': ['download']}, {'source': u'Download Manager', 'target': u'Administrador de descargas', 'stem': ['download', 'manag']}, {'source': u'Downloader', 'target': u'Descargador', 'stem': ['download']}]
them: []
What: []
is: []
Persona: []
and: []
how: []
does: []
it: []
work?: []
Accessibility: [{'source': u'Roaming Access profile', 'target': u'Perfil de acceso m\xf3vil', 'stem': ['access', 'profil', 'roam']}]
features: [{'source': u'present device-aware features and experiences', 'target': u'ofrecer caracter\xedsticas y experiencias en funci\xf3n del dispositivo', 'stem': ['awar', 'devic', 'device-awar', 'experi', 'featur', 'present']}]
in: []
Firefox: [{'source': u'Firef127.0.0.1 - - [07/Jul/2014 16:13:07] "GET /get_page?url=https://support.mozilla.org/en-US/products/firefox/get-started HTTP/1.1" 200 -
127.0.0.1 - - [07/Jul/2014 16:13:07] "GET /static/js/vendor/jquery-1.11.0.min.js HTTP/1.1" 304 -
127.0.0.1 - - [07/Jul/2014 16:13:07] "GET /static/js/vendor/bootstrap.min.js HTTP/1.1" 304 -
127.0.0.1 - - [07/Jul/2014 16:13:07] "GET /static/js/amagama.js HTTP/1.1" 304 -
127.0.0.1 - - [07/Jul/2014 16:13:07] "GET /static/js/underscore.min.js HTTP/1.1" 304 -
ox Marketplace', 'target': u'Firefox Marketplace', 'stem': ['firefox', 'marketplac']}]
-: []
Make: []
Firefox: [{'source': u'Firefox Marketplace', 'target': u'Firefox Marketplace', 'stem': ['firefox', 'marketplac']}]
and: []
web: [{'source': u'ISP or web hosting service', 'target': u'ISP o servicio de alojamiento Web', 'stem': ['host', 'isp', 'servic', 'web']}, {'source': u'Mozilla Web Apps', 'target': u'Aplicaciones web de Mozilla', 'stem': ['app', 'mozilla', 'web']}, {'source': u'Open Web Apps', 'target': u'aplicaciones web abiertas', 'stem': ['app', 'open', 'web']}, {'source': u'Web page', 'target': u'p\xe1gina web', 'stem': ['page', 'web']}, {'source': u'Web site', 'target': u'sitio web', 'stem': ['site', 'web']}, {'source': u'web-based game', 'target': u'juego para el navegador', 'stem': ['base', 'game', 'web', 'web-bas']}]
content: [{'source': u'Contents', 'target': u'Contenido', 'stem': ['content']}, {'source': u'Table of contents', 'target': u'\xcdndice de contenido', 'stem': ['content', 'tabl']}, {'source': u'phrasing content', 'target': u'contenido est\xe1tico', 'stem': ['content', 'phrase']}]
work: []
for: []
all: []
users: [{'source': u'User', 'target': u'Usuario', 'stem': ['user']}]
Portions: []
of: []
this: []
content: [{'source': u'Contents', 'target': u'Contenido', 'stem': ['content']}, {'source': u'Table of contents', 'target': u'\xcdndice de contenido', 'stem': ['content', 'tabl']}, {'source': u'phrasing content', 'target': u'contenido est\xe1tico', 'stem': ['content', 'phrase']}]
are: []
©1998–2014: []
Creative: []
Commons: []
license: []
Contact: [{'source': u'contact', 'target': u'contacto', 'stem': ['contact']}]
Us: []
Privacy: [{'source': u'Privacy Policy', 'target': u'Pol\xedtica de privacidad', 'stem': ['polici', 'privaci']}]
Policy: [{'source': u'Policy', 'target': u'Pol\xedtica', 'stem': ['polici']}, {'source': u'Privacy Policy', 'target': u'Pol\xedtica de privacidad', 'stem': ['polici', 'privaci']}, {'source': u'Security Policies', 'target': u'Pol\xedtica de seguridad', 'stem': ['polici', 'secur']}]
Legal: []
Notices: []
Report: []
Trademark: []
Abuse: []
Source: [{'source': u'Source', 'target': u'Origen', 'stem': ['sourc']}, {'source': u'Source file', 'target': u'Archivo de origen', 'stem': ['file', 'sourc']}]
Code: [{'source': u'Character Coding', 'target': u'Codificaci\xf3n de caracteres', 'stem': ['charact', 'code']}, {'source': u'code snippet', 'target': u'fragmento de c\xf3digo', 'stem': ['code', 'snippet']}]
Twitter: []
Facebook: []
Firefox: [{'source': u'Firefox Marketplace', 'target': u'Firefox Marketplace', 'stem': ['firefox', 'marketplac']}]
Affiliates: []
Switch: [{'source': u'switch between', 'target': u'alternar entre', 'stem': ['switch']}]
to: []
mobile: [{'source': u'the mobile browser that\u2019s got your back', 'target': u'el navegador m\xf3vil que te protege', 'stem': ['back', 'browser', 'got', 'mobil']}]
site: [{'source': u'Site', 'target': u'Sitio', 'stem': ['site']}, {'source': u'Web site', 'target': u'sitio web', 'stem': ['site', 'web']}]
