NN-NNS: address : dirección
---
NN-NNS: address : dirección
---
NNS-NN: articles : caducados
---
NN-NNP: Ask : preguntarme
---
NN-NNP: Bar : barra
---
NN-NNP: Bar : barra
---
NNS-NNP: Basics : básicas
---
NNS-NNP: Basics : básicas
---
NNS-NNP: Basics : básicas
---
NNS-JJ: basics : básicas
---
NNS-NNP: Basics : básicas
---
NNS-JJ: basics : básicas
---
NNS-JJ: basics : básicas
---
NNS-JJ: basics : básicas
---
NNS-JJ: basics : básicas
---
NN-JJ: blank : blanco
---
NN-VB: check : comprobar
---
NN-VB: click : hacer clic
---
NN-VB: contain : contienen
---
VB-NNP: Customize : Personalice
---
RB-NN: Download : Descarga
---
RB-NN: download : descarga
---
RB-NN: download : descarga
---
RB-NN: download : descarga
---
RB-NN: download : descarga
---
NN-JJ: email : electrónico
---
NNP-NN: English : inglé
---
VB-NNP: Find : Encontrar
---
JJ-NN: individual : individuo
---
VBP-VB: know : conozca
---
VBP-VB: Learn : Saber
---
VBP-VB: Learn : Saber
---
VBP-VB: Learn : Saber
---
VBP-VB: Learn : Saber
---
VBP-VB: Learn : Saber
---
VBP-VB: Learn : Saber
---
VBP-VB: Learn : Saber
---
IN-VB: like : suena
---
NN-VB: Load : cargar
---
VBP-NN: make : convertirlo
---
NN-VB: manage : administrar
---
MD-NN: may : mayo
---
CD-VB: one : forman
---
JJ-VB: open : abrir
---
JJ-VB: open : abrir
---
NN-VB: print : imprimir
---
NN-VB: question : pregunta
---
NN-JJ: Report : informe
---
RB-NN: right : derecha
---
NN-NNS: search : búsqueda
---
NN-NNS: Search : búsqueda
---
NN-NNS: Search : búsqueda
---
NN-NNS: search : búsqueda
---
NN-VB: set : establecer
---
NN-VB: set : establecer
---
NN-RB: Sign : digitalmente
---
NN-RB: sign : digitalmente
---
NN-VB: Skip : omitir
---
NN-VB: Skip : omitir
---
NN-VB: start : iniciar
---
NN-VB: start : iniciar
---
VBD-VBN: started : comenzadas
---
VBD-VBN: started : comenzadas
---
VB-NN: Tap : Toque
---
NN-VB: Update : actualizar
---
JJ-VB: Upgrade : Ampliar
---
NN-VB: Use : utilizar
---
NN-VB: Use : utilizar
---
NN-VB: use : utilizar
---
NN-VB: use : utilizar
---
NN-VB: View : ver
---
