Theme Tema 1.0
Warnings Advertencias 0.75
Watch Observar 1.0
Western Occidental 1.0
Connected Conectado 1.0
Unlink Desvincular 1.0
Automatic Automático 1.0
Yearly Anualmente 1.0
Less Menos 0.666666666667
Go Ir 1.0
Occitan Occitano 1.0
heading encabezado 1.0
Version Versión 1.0
Available Disponible 1.0
selected seleccionado 0.5
new nuevo 1.0
Bigger Mayor 0.5
pressed presionado 1.0
Logging Registro 0.666666666667
Uploading Subiendo 1.0
here aquí 1.0
Profiler Analizador 1.0
Tabs Pestañas 1.0
Tuesday Martes 1.0
Home Casa 1.0
Group Grupo 1.0
Privacy Privacidad 1.0
Support Asistencia 0.5
Junk Basura 1.0
Star Estrella 1.0
June Junio 1.0
Stay Permanecer 1.0
Recent Reciente 1.0
Fonts Tipografía 1.0
Feeds Canales 0.785714285714
Flagged Señalado 1.0
Signing Firmando 1.0
locked bloqueado 1.0
Text Texto 1.0
Header Encabezado 1.0
FAQs FAQ 0.5
Sign Firma 1.0
Passwords Contraseñas 1.0
Format Formato 0.750000000001
Welsh Galés 1.0
Minimize Minimizar 1.0
Jordan Jordania 1.0
Certified Certificado 0.5
Reminders Avisos 1.0
diagram diagrama 1.0
All Todos 1.0
Japanese Japonés 1.0
Ended Finalizado 0.5
Inspect Inspeccionar 1.0
Hide Ocultar 1.0
Cyrillic Cirílico 1.0
Selected Seleccionado 1.0
Finish Finalizar 1.0
Armenian Armenio 1.0
Path Ruta 1.0
hidden oculto 1.0
Spain España 1.0
Mobile Móvil 1.0
Oman Omán 1.0
Mouse Ratón 1.0
Insert Insertar 1.0
Midnight Medianoche 1.0
Type Tipo 1.0
tomorrow mañana 1.0
content contenido 1.0
Appendices Apéndices 1.0
Aragonese Aragonés 1.0
Join Entrar 1.0
Revoked Revocado 1.0
Extension Extensión 1.0
Work Trabajo 1.0
Timings Tiempos 1.0
Soft Suave 1.0
Justify Justificado 1.0
September Septiembre 1.0
Photo Foto 1.0
messages mensajes 1.0
days días 1.0
Servers Servidores 1.0
filter filtro 1.0
Headings Encabezados 0.5
Bookmarks Marcadores 1.0
Sorbian Serbio 0.5
Alignment Alineación 1.0
primary primario 1.0
Cell Celda 1.0
Downloaded Descargado 1.0
Smiley Emoticono 1.0
Catalan Catalán 1.0
Press Pulsar 1.0
Search Buscar 0.704545454545
Set Usar 1.0
Features Características 1.0
Animation Animación 1.0
Button Botón 1.0
Autocomplete Autocompletado 1.0
Frisian Frisiano 1.0
Synchronize Sincronizar 1.0
Superseded Reemplazado 1.0
NameCompletion CompletarNombre 1.0
Template Plantilla 1.0
clicked pulsado 1.0
Free Gratis 1.0
Haitian Haití 1.0
Account Cuenta 0.818181818182
Maldives Maldivas 1.0
Albanian Albanés 1.0
Larger Mayor 0.5
Days Días 1.0
Leave Abandonar 1.0
Organization Organización 1.0
Yell Gritar 1.0
Walloon valón 1.0
Toggle Alternar 1.0
flagged señalado 1.0
Priority Prioridad 1.0
Reply Responder 0.888888888889
Indonesian Indonesio 1.0
Run Ejecutar 1.0
Registered Registrado 1.0
Advanced Avanzadas 1.0
Info Información 1.0
Thumbnails Miniaturas 1.0
Settings Configuración 1.0
Authorize Autorizar 1.0
Computed Computada 1.0
Contribute Colaborar 1.0
Friulian Friulano 1.0
Blocked Bloqueado 1.0
Compact Compactar 1.0
Uncheck Desmarcar 1.0
Attachment Adjunto 1.0
Ireland Irlanda 1.0
loaded cargado 1.0
Method Método 1.0
Belize Belice 1.0
Definition Definición 1.0
Cry Llorando 1.0
Moldova Moldavia 1.0
CW SC 1.0
exception excepción 1.0
Manage Administrar 1.0
Persian Persa 1.0
uninstall desinstalar 1.0
Follow Seguir 1.0
Busy Ocupado 1.0
Menu Menú 1.0
is es 1.0
Write Escribir 1.0
Stop Detener 1.0
Tahitian Tahití 1.0
Room Sala 1.0
Latvia Letonia 1.0
characters caracteres 1.0
Traces Trazas 1.0
Table Tabla 1.0
Errors Errores 1.0
Console Consola 1.0
Estonian Estonio 1.0
Lithuania Lituania 1.0
Cambodia Camboya 1.0
Forms Formularios 1.0
Surprise Sorprendido 1.0
Slovenia Eslovenia 1.0
animation animación 1.0
News Noticias 1.0
Reset Restablecer 1.0
Pakistan Pakistán 1.0
Messages Mensajes 1.0
Wink Pícaro 1.0
Length Longitud 1.0
Embed Anidar 1.0
Slovak Eslovaco 1.0
Swedish Sueco 1.0
Tiny Diminuto 1.0
Valid Válido 1.0
Followers Seguidores 1.0
Italic Cursiva 1.0
Downloads Descargas 1.0
Accepted Aceptado 1.0
deleted eliminado 1.0
Daily Diariamente 1.0
Sweden Suecia 1.0
Property Propiedad 1.0
First Primero 1.0
Image Imagen 1.0
Canceled Cancelada 1.0
Calendar Calendario 1.0
Icelandic Islandés 1.0
Icons Iconos 1.0
Environment Entorno 1.0
Critical Crítico 1.0
Korean Coreano 1.0
Downloading Descargando 1.0
Device Dispositivo 1.0
Matched Coincidente 1.0
medium Medio 0.5
form formulario 1.0
Column Columna 1.0
January Enero 1.0
abcdefghijklmnopqrstuvwxyzABCDEFGHIJKLMNOPQRSTUVWXYZ abcdefghijklmnñopqrstuvwxyzABCDEFGHIJKLMNÑOPQRSTUVWXYZ 1.0
Left Izquierda 1.0
Czech Checo 1.0
Poland Polonia 1.0
Romanian Rumano 1.0
Offline Desconectado 0.666666666667
check revisar 1.0
Description Descripción 1.0
Validity Validez 1.0
Running Ejecutando 1.0
Sat Sáb 1.0
Pager Buscapersonas 1.0
Pages Páginas 1.0
Edit Editar 1.0
Shift Mayús 1.0
daily diariamente 1.0
Embarrassed Avergonzado 1.0
Filters Filtros 1.0
Title Puesto 1.0
Desktop Escritorio 1.0
Today Hoy 1.0
row fila 1.0
Bold Negrita 1.0
Standard Estándar 1.0
Day Día 1.0
Hiligaynon Hiligainón 1.0
minute minuto 1.0
Tag Etiquetar 1.0
Accounts Cuentas 1.0
Keyboard Teclado 1.0
Organizer Organizador 1.0
Tajikistan Tayikistán 1.0
Tables Tablas 1.0
Failed Fallido 1.0
Slovakia Eslovaquia 1.0
Ins Insert 1.0
Form Formulario 1.0
Georgian Georgiano 1.0
Categories Categorías 1.0
Me mí 1.0
install instalar 1.0
Libya Libia 1.0
Age Edad 1.0
upgrade actualizar 1.0
English Inglés 1.0
Distribution Distribución 1.0
incoming entrante 1.0
Session Sesión 1.0
navigation navegación 1.0
When Cuándo 1.0
Languages Idiomas 1.0
Import Importar 1.0
Outgoing Saliente 1.0
August Agosto 1.0
Hungarian Húngaro 1.0
scope ámbito 1.0
Restart Reiniciar 1.0
Bengali Bengalí 1.0
October Octubre 1.0
Default Predeterminado 1.0
Domain Dominio 1.0
Summary Resumen 1.0
Time Tiempo 1.0
graphic gráfico 1.0
Family Familia 1.0
German Alemán 1.0
Lebanon Líbano 1.0
Aug Ago 1.0
Down Abajo 1.0
Numbers Números 1.0
Archive Archivar 1.0
figure cantidad 1.0
Vietnamese Vietnamita 1.0
Media Medios 1.0
Dutch Holandés 1.0
Customize Personalizar 1.0
Bullets Viñetas 1.0
Always Siempre 0.666666764642
date fecha 1.0
repeat repetir 1.0
View Ver 1.0
outline contorno 1.0
Locale Idioma 0.5
Sources Fuentes 1.0
tagged etiquetado 1.0
Jan Ene 1.0
Cut Cortar 1.0
Frown Triste 1.0
Views Vistas 1.0
Rules Reglas 1.0
main principal 1.0
Received Recibido 1.0
matches coincide 1.0
term término 1.0
Watches Vigías 1.0
Kenya Kenia 1.0
Event Evento 1.0
Attendees Asistentes 1.0
Logotype Logotipo 1.0
Peru Perú 1.0
Kashubian Casubio 1.0
Subscript Subíndice 1.0
Save Guardar 1.0
Added Añadido 1.0
opened abierto 1.0
Recipients Destinatarios 1.0
Welcome Bienvenido 1.0
Norwegian Noruego 1.0
Threads Conversaciones 0.666666666667
navigating navegando 1.0
gridcell rejilla 1.0
Mauritius Mauricio 1.0
Security Seguridad 1.0
Options Opciones 1.0
Battery Batería 1.0
Installed Instalado 1.0
disable desactivar 1.0
separator separador 1.0
Touch Toque 1.0
Hungary Hungría 1.0
Brazil Brasil 1.0
Start Iniciar 1.0
Tile Mosaico 1.0
Privileged Privilegiado 1.0
Repeat Repetir 1.0
checked seleccionado 0.5
Monday Lunes 1.0
Luxembourgish Luxemburgués 1.0
Date Fecha 1.0
Data Datos 1.0
Response Respuesta 1.0
hue tinte 1.0
Enabled Habilitado 1.0
Client Cliente 1.0
Install Instalar 1.0
History Historial 1.0
Bookmark Marcador 1.0
Mail Correo 0.777777777778
Trash Papelera 1.0
note nota 1.0
Important Importante 1.0
Maltese Maltés 1.0
Kazakhstan Kazajstán 1.0
Off Apagado 1.0
Name Nombre 1.0
Portuguese Portugués 1.0
average media 1.0
Module Módulo 1.0
Antarctica Antártida 1.0
Wed Mié 1.0
Clearing Limpiando 1.0
Ethiopia Etiopía 1.0
Authentication Identificación 0.5
Ethiopic Etíope 1.0
Smile Sonriendo 1.0
title título 1.0
Services Servicios 1.0
Validate Validar 1.0
Large Grande 0.5
secondary secundario 1.0
Right Derecha 1.0
Chapters Capítulos 1.0
Importing Importando 1.0
Subscription Subscripción 1.0
pane panel 1.0
Storage Almacenamiento 1.0
Publish Publicar 0.875
Location Lugar 1.0
lnk enl 1.0
jumped saltado 1.0
label etiqueta 1.0
Thai Tailandés 1.0
Target Destino 1.0
pixels píxeles 1.0
Uninstall Desinstalar 0.666666666667
Replied Respondido 1.0
Citation Cita 1.0
Month Mes 1.0
Malaysia Malasia 1.0
Individual Individuo 1.0
Decline Rechazar 1.0
Events Eventos 1.0
Introduction Introducción 1.0
Pair Emparejar 1.0
borders bordes 1.0
Identity Identidad 1.0
enable activar 1.0
Undelete Recuperar 0.666666666667
Browsing Navegación 0.5
Action Acción 0.8
To Para 1.0
Suggestions Sugerencias 1.0
Colors Colores 1.0
Suffixes Sufijos 1.0
Open Abrir 1.0
Size Tamaño 0.774193548387
Sudan Sudán 1.0
telephone teléfono 1.0
Corsican Corso 1.0
Somali Somalí 1.0
Hidden Oculto 1.0
Profile Rendimiento 1.0
Complete Completo 1.0
Rheet Aviso 1.0
document documento 1.0
status estado 1.0
Embedded Embebido 1.0
Clear Limpiar 1.0
Idle Inactivo 1.0
Unblock Desbloquear 1.0
Port Puerto 1.0
Physical Físico 1.0
Loading Cargando 1.0
weekly semanalmente 1.0
Completed Completada 1.0
samples muestras 1.0
Scrolling Desplazamiento 1.0
Change Cambiar 1.0
grip asa 1.0
Baltic Báltico 1.0
Example Ejemplo 1.0
Smaller Menor 1.0
Show Mostrar 0.833333333356
Share Compartir 0.75
annually anualmente 1.0
Confirmed Confirmado 1.0
Mark Marcar 0.571428571429
Listed Listado 1.0
Faroese Feroés 1.0
New Nuevo 1.0
Abbreviation Abreviatura 1.0
noon mediodía 1.0
Area Área 1.0
Term Término 1.0
Interaction Interacción 1.0
seconds segundos 1.0
Expanded Expandido 1.0
Vietnam Vietnám 1.0
Authenticating Autenticando 1.0
Playing Reproduciendo 1.0
on en 0.75
Tasks Tareas 1.0
Hosted Alojado 1.0
Images Imágenes 1.0
Message Mensaje 1.0
Dimensions Dimensiones 1.0
Away Ausente 0.666666666667
attachments adjuntos 1.0
Greenlandic Groenlandés 1.0
Add Añadir 1.0
Identification Identificación 0.5
txtarea areatxt 1.0
Week Semana 1.0
forwarded reenviado 1.0
Birthday Cumpleaños 1.0
sealed sellado 1.0
Integer entero 0.75
Manufacturer Fabricante 1.0
Revert Revertir 1.0
Small Pequeño 0.5
Surname Apellido 1.0
default predeterminado 1.0
Belarusian Bielorruso 1.0
Macedonian Macedonio 1.0
Close Cerrar 1.0
Retweet Retuitear 1.0
gone ido 1.0
Layout Disposición 1.0
Hint Consejo 1.0
Thursday Jueves 1.0
Templates Plantillas 1.0
Read Leído 1.0
Quote Citar 1.0
Lag Retardo 1.0
Quota Cuota 1.0
Separators Separadores 1.0
Dark Oscuro 1.0
Disable Desactivar 1.0
you usted 1.0
Password Contraseña 1.0
Kurdish Kurdo 1.0
Reload Recargar 0.875000000938
Enable Activar 0.642857142857
Street Calle 1.0
Year Año 1.0
Canada Canadá 1.0
Fit Encajar 1.0
Stretch Estirar 1.0
Unknown Desconocido 1.0
Noon Mediodía 1.0
Swaziland Swazilandia 1.0
Certificates Certificados 1.0
Cameroon Camerún 1.0
to para 0.75
Entries Entradas 1.0
Ear Oreja 1.0
Verifying Verificando 1.0
Refresh Refrescar 1.0
Headers Cabeceras 0.6
Validation Validación 1.0
Frequent Frecuente 1.0
list lista 1.0
large Grande 0.5
millimeters milímetros 1.0
small Pequeño 0.5
Disconnect Desconectar 0.833333333333
Browse Navegar 1.0
None Ninguna 1.0
zero cero 1.0
Latin Latín 1.0
section sección 1.0
Ascending Ascendente 1.0
version versión 1.0
Short Corto 1.0
Finland Finlandia 1.0
hours horas 1.0
Contact Contacto 1.0
Latvian Letón 1.0
search buscar 1.0
Border Borde 1.0
Certificate Certificado 0.5
Top Superior 1.0
contains contiene 1.0
Russian Ruso 1.0
Superscript Superíndice 1.0
Recipient Destinatario 0.857142865051
Philippines Filipinas 1.0
Su Do 1.0
Morocco Marruecos 1.0
Browser Navegador 1.0
Content Restringido 1.0
none ninguna 1.0
hour hora 1.0
equation ecuación 1.0
paragraph párrafo 1.0
Basque Vasco 1.0
Tomorrow Mañana 1.0
Chechen Checheno 1.0
Innocent Inocente 1.0
Sanskrit Sánscrito 1.0
Folders Carpetas 1.0
Expires Caduca 1.0
Expired Caducado 1.0
List Lista 1.0
Continue Continuar 0.714285844156
Flags Marcas 1.0
Syria Siria 1.0
Chair Presidencia 1.0
Mexico México 1.0
documentation documentación 1.0
Unchecked Desmarcado 1.0
Comma Coma 1.0
File Archivo 1.0
Hebrew Hebreo 1.0
inline incrustado 1.0
Fill Rellenar 1.0
replied respondido 1.0
Motifs Estilos 1.0
March Marzo 1.0
Indent Sangrar 1.0
URL dirección 1.0
Due Vencimiento 1.0
Bad Mal 1.0
Inline Incorporado 1.0
Organize Organizar 1.0
always siempre 1.0
Galician Gallego 1.0
Ready Listo 1.0
Sounds Sonidos 1.0
Retry Reintentar 1.0
End Fin 1.0
Slovenian Esloveno 1.0
Reading Lectura 1.0
More Más 1.0
Medium Mediano 1.0
Collapse Contraer 1.0
Evaluate Evaluar 1.0
Flag Señal 1.0
offline desconectado 1.0
Weekly Semanalmente 1.0
Cool Guay 1.0
Ukraine Ucrania 1.0
Subtree Subárbol 1.0
Ignore Ignorar 1.0
Del Supr 1.0
Block Bloquear 1.0
Delete Eliminar 0.548076923077
Rename Renombrar 1.0
definition definición 1.0
Algeria Argelia 1.0
People Personas 1.0
Autodetect Autodetectar 1.0
Years Años 1.0
Fri Vie 1.0
Cache Caché 1.0
Guadeloupe Guadalupe 1.0
Packaged Empaquetado 1.0
Belgium Bélgica 1.0
Language Idioma 0.5
Strikethrough Tachado 1.0
Decrease Reducir 1.0
Reunion Reunión 1.0
Cancel Cancelar 1.0
Window Ventana 1.0
Threaded Anidado 1.0
Siblings Hermanos 1.0
Bullet Viñeta 1.0
Ukrainian Ucraniano 1.0
Sections Secciones 1.0
Price Precio 1.0
Finished Terminada 1.0
Germany Alemania 1.0
Thu Jue 1.0
Installing Instalando 1.0
Restore Restaurar 1.0
Egypt Egipto 1.0
Subscribe Suscribir 1.0
Speed Velocidad 1.0
Forward Adelante 1.0
Bulgarian Búlgaro 1.0
French Francés 1.0
Notifications Notificaciones 1.0
Nepali Nepalí 1.0
Notes Notas 1.0
Favorite Favoritas 1.0
Value Valor 1.0
Code Código 1.0
Monaco Mónaco 1.0
Display Visualización 1.0
Help Ayuda 1.0
Sunday Domingo 1.0
Networks Redes 1.0
Attendance Asistencia 0.5
Create Crear 1.0
France Francia 1.0
Printer Impresora 1.0
Guarani Guaraní 1.0
Acronym Acrónimo 1.0
Light Luminoso 1.0
Afrikaans Africano 1.0
available disponible 1.0
complementary complementario 1.0
Appearance Apariencia 1.0
Server Servidor 0.888888888889
Separator Separador 1.0
lightness luz 1.0
last último 1.0
Hard Estricto 1.0
Yes Sí 0.875000065561
Declined Declinado 1.0
Forwarded Reenviado 1.0
Turkish Turco 1.0
Panama Panamá 1.0
header cabecera 1.0
Preview Escuchar 1.0
Play Reproducir 1.0
Tags Etiquetas 1.0
monthly mensualmente 1.0
Processing Procesando 1.0
Calendars Calendarios 1.0
Properties Propiedades 1.0
Permissions Permisos 1.0
Months Meses 1.0
Synopsis Sinopsis 1.0
Attachments Adjuntos 1.0
frozen congelado 1.0
Issued Emitido 1.0
expanded expandido 1.0
Done Terminado 1.0
Mongolian Mongol 1.0
Issuer Emisor 1.0
City Ciudad 1.0
Italy Italia 1.0
saturation saturación 1.0
passwdtxt txtcontr 1.0
Alert Alerta 1.0
Descending Descendente 1.0
Favorites Favoritos 1.0
Martinique Martinica 1.0
Copy Copiar 1.0
Lines Líneas 1.0
yesterday ayer 1.0
alert alerta 1.0
user usuario 1.0
Activity Actividad 1.0
Users Usuarios 1.0
Iceland Islandia 1.0
entry entrada 1.0
Tools Herramientas 1.0
Buttons Botones 1.0
Permanent Permanente 1.0
Statement Sentencia 1.0
loading cargando 1.0
Fijian Fiji 0.5
relevance relevancia 1.0
Icon Icono 1.0
On Encendido 1.0
Tracking Rastreo 1.0
Last Último 1.0
Cells Celdas 1.0
unlimited ilimitado 1.0
Member Miembro 1.0
OK Aceptar 0.882352941176
Links Enlaces 1.0
Preformat Preformato 1.0
Accessibility Accesibilidad 1.0
Confirm Confirmar 1.0
Encryption Cifrado 0.666666666667
Params Parámetros 1.0
Channel Canal 1.0
String cadena 0.75
Confidential Confidencial 1.0
Nothing Nada 0.500003628644
Scratchpad Borrador 0.714285714286
Romania Rumanía 1.0
dialog diálogo 1.0
Row Fila 1.0
Increase Aumentar 1.0
Belarus Belarús 1.0
Composite Compuesto 1.0
Lists Listas 1.0
Every Cada 1.0
User Usuario 1.0
inches pulgadas 1.0
collapsed contraído 1.0
Filter Filtro 1.0
link enlace 1.0
Switzerland Suiza 1.0
Grenada Granada 1.0
Load Cargar 1.0
Irish Irlandés 1.0
Attribute Atributo 1.0
Soon Pronto 1.0
Rwanda Ruanda 1.0
today hoy 1.0
sum suma 1.0
Archives Archivos 0.857142857143
Tu Ma 1.0
Attach Adjuntar 1.0
Th Ju 1.0
May Mayo 1.0
nick apodo 1.0
Background Fondo 1.0
Danish Danés 1.0
Formatting Formateo 1.0
Tunisia Túnez 1.0
required requerido 1.0
Monthly Mensualmente 1.0
Self Propio 1.0
results resultados 1.0
existing existente 1.0
Department Departamento 1.0
Progress Progreso 1.0
Object Objeto 1.0
Aborted Abortado 1.0
Incoming Entrante 1.0
button botón 1.0
Yiddish Judío 1.0
Select Seleccionar 1.0
Turkey Turquía 1.0
Index Índice 1.0
Long Largo 1.0
Norway Noruega 1.0
index índice 1.0
Zulu Zulú 1.0
cell celda 1.0
Link Enlace 1.0
Line Línea 1.0
Tibetan Tibetano 1.0
Dictionaries Diccionarios 1.0
Up Arriba 1.0
Greek Griego 1.0
Margin Margen 1.0
Croatian Croata 1.0
Selection Selección 1.0
Prompt Solicitar 1.0
Chinese Chino 1.0
Back Atrás 1.0
Download Descargar 0.916666666667
Arabic Árabe 1.0
Category Categoría 1.0
Exit Salir 0.6
Hindi Hindú 1.0
Input Entrada 1.0
Status Estado 0.96
from de 0.571428571429
Bosnian Bosnio 1.0
Tentative Tentativo 1.0
next siguiente 1.0
Drag Arrastrar 1.0
Denmark Dinamarca 1.0
Wednesday Miércoles 1.0
Connection Conexión 1.0
Uninstalling Desinstalando 1.0
Niger Níger 1.0
Library Catálogo 1.0
Video Vídeo 1.0
Copies Copias 1.0
Pinned Fijada 1.0
Details Detalles 1.0
tab pestaña 1.0
Policy Política 1.0
Composition Redacción 1.0
Authorities Autoridades 1.0
Payment Pago 1.0
overridden sobrescrito 1.0
Transferred Transferido 1.0
Allow Permitir 1.0
Japan Japón 1.0
Results Resultados 1.0
element elemento 1.0
Middle Medio 0.5
Greece Grecia 1.0
Apply Aplicar 1.0
Encrypt Cifrar 1.0
Serbian Serbio 0.5
Body Cuerpo 1.0
Resume Reanudar 1.0
Contacts Contactos 1.0
pending pendiente 1.0
Task Tarea 1.0
Extensions Extensiones 1.0
day día 1.0
Layer Capa 1.0
Greenland Groenlandia 1.0
Debugger Depurador 1.0
reloading recargando 1.0
Previous Anterior 0.687500591728
From Desde 1.0
Network Red 0.857142857143
Next Siguiente 0.695726778394
Print Imprimir 1.0
margins márgenes 1.0
category categoría 1.0
Disabled Deshabilitado 1.0
Multiweek Multisemana 1.0
Miscellaneous Varios 1.0
max máx 1.0
Tue Mar 0.6
Exceptions Excepciones 1.0
Jump Saltar 1.0
Landscape Horizontal 1.0
Developer Desarrollador 1.0
Pause Pausar 1.0
Drafts Borradores 1.0
Connecting Conectando 1.0
Iran Irán 1.0
system sistema 1.0
priority prioridad 1.0
Spelling Ortografía 0.833333333333
Nickname Apodo 1.0
Listening Escuchando 1.0
slider deslizador 1.0
References Referencias 1.0
Connect Conectar 1.0
visited visitado 1.0
Redo Rehacer 1.0
Other Otro 1.0
Undecided Indeciso 1.0
Folder Carpeta 1.0
Requested Solicitado 1.0
min mín 1.0
Credits Créditos 1.0
Kiss Beso 1.0
Graphics Gráficos 1.0
Glossary Glosario 1.0
Printing Imprimiendo 1.0
Mode Modo 1.0
Panels Paneles 1.0
Unified Unificadas 1.0
High Alta 1.0
Export Exportar 1.0
Stopped Detenido 1.0
Saturday Sábado 1.0
Checked Marcado 1.0
Turkmenistan Turkmenistán 1.0
Document Documento 1.0
Dec Dic 1.0
Modify Modificar 0.5
Update Actualización 1.0
Undo Deshacer 1.0
Synchronization Sincronización 1.0
Mon Lun 1.0
Legend Leyenda 1.0
Finnish Finlandés 1.0
Sundanese Sudanés 1.0
Keep Conservar 1.0
Paragraph Párrafo 1.0
Italian Italiano 1.0
Rating Calificación 1.0
Forget Olvidar 1.0
Mute Silenciar 1.0
cycled rotado 1.0
Afghanistan Afganistán 1.0
Send Enviar 0.8
writable escribible 1.0
Source Origen 1.0
Backspace Retroceso 1.0
btn bot 1.0
Sent Enviados 1.0
Good Bien 1.0
Hawaiian Hawaiano 1.0
closed cerrado 1.0
July Julio 1.0
imgmap mapimg 1.0
optional opcional 1.0
Dismiss Descartar 1.0
Luxembourg Luxemburgo 1.0
Low Baja 1.0
away ausente 1.0
table tabla 1.0
Conclusion Conclusión 1.0
contributors colaboradores 1.0
Collapsed Plegado 1.0
Lithuanian Lituano 1.0
Phone Teléfono 1.0
Active Activo 1.0
Thailand Tailandia 1.0
Editing Edición 1.0
Expand Expandir 1.0
Numbered Numerada 1.0
Deny Denegar 1.0
Center Centrar 1.0
Align Alinear 1.0
Face Cara 1.0
Space Espacio 0.666666666667
Navigation Navegación 0.5
Uzbekistan Uzbekistán 1.0
Taiwan Taiwán 1.0
Cyprus Chipre 1.0
Apr Abr 1.0
You Usted 1.0
Sort Ordenar 1.0
Return Enter 1.0
Paste Pegar 1.0
Function Función 1.0
Resource Recurso 1.0
Asturian Asturiano 1.0
off desactivado 1.0
Breton Bretón 1.0
Gabon Gabón 1.0
Emphasis Énfasis 1.0
Weeks Semanas 1.0
Friday Viernes 1.0
Ports Puertos 1.0
Hits Aciertos 1.0
Thread Conversación 1.0
Cycle Avanzar 0.750080513885
Debug Depurar 1.0
Encoding Codificación 1.0
Azerbaijan Azerbayán 1.0
Polish Polaco 1.0
Mutation Mutación 1.0
Documents Documentos 1.0
Sun Dom 1.0
Clipboard Portapapeles 1.0
Tweets Tuits 1.0
Option Opción 1.0
Singapore Singapur 1.0
Manually Manualmente 1.0
column columna 1.0
December Diciembre 1.0
Replace Reemplazar 1.0
Paused Pausado 1.0
important importante 1.0
Portrait Vertical 1.0
Subject Asunto 1.0
Preferences Preferencias 1.0
Invitations Invitaciones 1.0
November Noviembre 1.0
Submitted Enviado 0.5
repeated repetida 1.0
Croatia Croacia 1.0
editing editando 1.0
minutes minutos 1.0
Purposes Propósitos 1.0
Kick Patear 1.0
Teletype Teletipo 1.0
Temporary Temporal 1.0
Never Nunca 0.777778529123
percent porcentaje 1.0
Yesterday Ayer 1.0
Volume Volumen 1.0
February Febrero 1.0
Rotate Rotar 1.0
Spanish Español 1.0
April Abril 1.0
Page Página 1.0
Subsections Subsecciones 1.0
Site Sitio 1.0
Private Privado 1.0
Underline Subrayar 1.0
